<?xml version="1.0" encoding="UTF-8" ?>
<testsuites>
  <testsuite errors="0" failures="0" hostname="DESKTOP-N5GKDDL" id="0" name="CodeBlockTest" package="codechain" skipped="0" tests="1" time="0.277" timestamp="2018-12-06T22:12:14">
      <properties>
[...]
</properties>

      <testcase classname="codechain.CodeBlockTest" name="test" time="0.005" />

      <system-out><![CDATA[2
]]></system-out>

      <system-err><![CDATA[]]></system-err>

  </testsuite>
  <testsuite errors="0" failures="0" hostname="DESKTOP-N5GKDDL" id="1" name="CodeChainTest" package="codechain" skipped="0" tests="2" time="0.407" timestamp="2018-12-06T22:12:15">
      <properties>
[...]
</properties>

      <testcase classname="codechain.CodeChainTest" name="test" time="0.031" />

      <testcase classname="codechain.CodeChainTest" name="testMultipleIO" time="0.001" />

      <system-out><![CDATA[Input String says : "return true"
Last Function returned: true
Input String says : "return false"
Last Function returned: false
]]></system-out>

      <system-err><![CDATA[]]></system-err>

  </testsuite>
  <testsuite errors="0" failures="0" hostname="DESKTOP-N5GKDDL" id="2" name="ValueNodeTest" package="codechain" skipped="0" tests="1" time="0.236" timestamp="2018-12-06T22:12:16">
      <properties>
[...]
</properties>

      <testcase classname="codechain.ValueNodeTest" name="test" time="0.009" />

      <system-out><![CDATA[]]></system-out>

      <system-err><![CDATA[]]></system-err>

  </testsuite>
</testsuites>
